<?xml version="1.0" encoding="UTF-8"?>
<testng-results ignored="0" total="1" passed="1" failed="0" skipped="0">
  <reporter-output>
  </reporter-output>
  <suite started-at="2024-01-12T16:57:53 IST" name="Suite" finished-at="2024-01-12T16:58:01 IST" duration-ms="8622">
    <groups>
    </groups>
    <test started-at="2024-01-12T16:57:53 IST" name="Test" finished-at="2024-01-12T16:58:01 IST" duration-ms="8622">
      <class name="TestLayer.RegisterPassportTest">
        <test-method is-config="true" signature="setUp()[pri:0, instance:TestLayer.RegisterPassportTest@2fd1433e]" started-at="2024-01-12T16:57:53 IST" name="setUp" finished-at="2024-01-12T16:57:58 IST" duration-ms="5284" status="PASS">
          <reporter-output>
          </reporter-output>
        </test-method> <!-- setUp -->
        <test-method signature="RegisterPassportTestFunctionlity()[pri:1, instance:TestLayer.RegisterPassportTest@2fd1433e]" started-at="2024-01-12T16:57:58 IST" name="RegisterPassportTestFunctionlity" finished-at="2024-01-12T16:58:01 IST" duration-ms="3234" status="PASS">
          <reporter-output>
          </reporter-output>
        </test-method> <!-- RegisterPassportTestFunctionlity -->
      </class> <!-- TestLayer.RegisterPassportTest -->
    </test> <!-- Test -->
  </suite> <!-- Suite -->
</testng-results>
